🔴🟢 ЖИВОЙ ЛОНГ/ШОРТ · 5m · $1000 · плечо 2x · стоп 2% · баланс 4998.02 USDT
Проверка каждые 60 сек. Ctrl+C для остановки.
----------------------------------------------------------------
  14:27:07 BTC/USDT     держим short EMA↓ RSI 57      PnL -0.02%
  14:27:07 ETH/USDT     держим short EMA↓ RSI 57      PnL +0.02%
----------------------------------------------------------------
  14:28:16 BTC/USDT     держим short EMA↓ RSI 56      PnL -0.02%
  14:28:16 ETH/USDT     держим short EMA↓ RSI 58      PnL +0.01%
----------------------------------------------------------------
  14:29:26 BTC/USDT     держим short EMA↓ RSI 55      PnL +0.07%
  14:29:26 ETH/USDT     держим short EMA↓ RSI 56      PnL +0.03%
----------------------------------------------------------------
  14:30:35 BTC/USDT     держим short EMA↓ RSI 57      PnL +0.05%
  14:30:35 ETH/USDT     держим short EMA↓ RSI 58      PnL +0.00%
----------------------------------------------------------------
  14:31:45 BTC/USDT     держим short EMA↓ RSI 58      PnL +0.02%
  14:31:45 ETH/USDT     держим short EMA↓ RSI 58      PnL +0.00%
----------------------------------------------------------------
  14:32:55 BTC/USDT     держим short EMA↓ RSI 58      PnL +0.03%
  14:32:55 ETH/USDT     держим short EMA↓ RSI 58      PnL +0.00%
----------------------------------------------------------------
  14:34:05 BTC/USDT     держим short EMA↓ RSI 57      PnL +0.05%
  14:34:05 ETH/USDT     держим short EMA↓ RSI 57      PnL +0.01%
----------------------------------------------------------------
  14:35:15 BTC/USDT     держим short EMA↓ RSI 57      PnL +0.04%
  14:35:15 ETH/USDT     держим short EMA↓ RSI 58      PnL -0.01%
----------------------------------------------------------------
  14:36:25 BTC/USDT     держим short EMA↓ RSI 54      PnL +0.05%
  14:36:25 ETH/USDT     держим short EMA↓ RSI 56      PnL -0.01%
----------------------------------------------------------------
  14:37:35 BTC/USDT     держим short EMA↓ RSI 50      PnL +0.03%
  14:37:35 ETH/USDT     держим short EMA↓ RSI 53      PnL +0.10%
----------------------------------------------------------------
  14:38:45 BTC/USDT     держим short EMA↓ RSI 51      PnL +0.07%
  14:38:45 ETH/USDT     держим short EMA↓ RSI 53      PnL +0.10%
----------------------------------------------------------------
  14:39:55 BTC/USDT     держим short EMA↓ RSI 51      PnL +0.07%
  14:39:55 ETH/USDT     держим short EMA↓ RSI 53      PnL +0.10%
----------------------------------------------------------------
  14:41:05 BTC/USDT     держим short EMA↓ RSI 52      PnL +0.07%
  14:41:05 ETH/USDT     держим short EMA↓ RSI 53      PnL +0.09%
----------------------------------------------------------------
  14:42:16 BTC/USDT     держим short EMA↓ RSI 49      PnL +0.16%
  14:42:16 ETH/USDT     держим short EMA↓ RSI 52      PnL +0.11%
----------------------------------------------------------------
  14:43:25 BTC/USDT     держим short EMA↓ RSI 49      PnL +0.17%
  14:43:25 ETH/USDT     держим short EMA↓ RSI 51      PnL +0.11%
----------------------------------------------------------------
  14:44:35 BTC/USDT     держим short EMA↓ RSI 47      PnL +0.18%
  14:44:35 ETH/USDT     держим short EMA↓ RSI 50      PnL +0.14%
----------------------------------------------------------------
  14:45:44 BTC/USDT     держим short EMA↓ RSI 50      PnL +0.20%
  14:45:44 ETH/USDT     держим short EMA↓ RSI 53      PnL +0.15%
----------------------------------------------------------------
  14:46:54 BTC/USDT     держим short EMA↓ RSI 51      PnL +0.14%
  14:46:54 ETH/USDT     держим short EMA↓ RSI 54      PnL +0.05%
----------------------------------------------------------------
  14:48:03 BTC/USDT     держим short EMA↓ RSI 50      PnL +0.15%
  14:48:03 ETH/USDT     держим short EMA↓ RSI 54      PnL +0.07%
----------------------------------------------------------------
  14:49:13 BTC/USDT     держим short EMA↓ RSI 50      PnL +0.15%
  14:49:13 ETH/USDT     держим short EMA↓ RSI 52      PnL +0.10%
----------------------------------------------------------------
  14:50:23 BTC/USDT     держим short EMA↓ RSI 50      PnL +0.15%
  14:50:23 ETH/USDT     держим short EMA↓ RSI 52      PnL +0.11%
----------------------------------------------------------------
  14:51:33 BTC/USDT     держим short EMA↓ RSI 49      PnL +0.15%
  14:51:33 ETH/USDT     держим short EMA↓ RSI 51      PnL +0.15%
----------------------------------------------------------------
  14:52:43 BTC/USDT     держим short EMA↓ RSI 50      PnL +0.15%
  14:52:43 ETH/USDT     держим short EMA↓ RSI 52      PnL +0.11%
----------------------------------------------------------------
  14:53:53 BTC/USDT     держим short EMA↓ RSI 51      PnL +0.15%
  14:53:53 ETH/USDT     держим short EMA↓ RSI 54      PnL +0.06%
----------------------------------------------------------------
  14:55:03 BTC/USDT     держим short EMA↓ RSI 52      PnL +0.14%
  14:55:03 ETH/USDT     держим short EMA↓ RSI 55      PnL +0.05%
----------------------------------------------------------------
  14:56:14 BTC/USDT     держим short EMA↓ RSI 50      PnL +0.15%
  14:56:14 ETH/USDT     держим short EMA↓ RSI 53      PnL +0.08%
----------------------------------------------------------------
  14:57:25 BTC/USDT     держим short EMA↓ RSI 51      PnL +0.15%
  14:57:25 ETH/USDT     держим short EMA↓ RSI 55      PnL +0.05%
----------------------------------------------------------------
  14:58:36 BTC/USDT     держим short EMA↓ RSI 52      PnL +0.13%
  14:58:36 ETH/USDT     держим short EMA↓ RSI 55      PnL +0.04%
----------------------------------------------------------------
  14:59:45 BTC/USDT     держим short EMA↓ RSI 52      PnL +0.13%
  14:59:45 ETH/USDT     держим short EMA↓ RSI 55      PnL +0.04%
----------------------------------------------------------------
  15:00:55 BTC/USDT     держим short EMA↓ RSI 50      PnL +0.14%
  15:00:55 ETH/USDT     держим short EMA↓ RSI 54      PnL +0.07%
----------------------------------------------------------------
  15:02:04 BTC/USDT     держим short EMA↓ RSI 50      PnL +0.14%
  15:02:04 ETH/USDT     держим short EMA↓ RSI 53      PnL +0.07%
----------------------------------------------------------------
  15:03:14 BTC/USDT     держим short EMA↓ RSI 51      PnL +0.13%
  15:03:14 ETH/USDT     держим short EMA↓ RSI 55      PnL +0.05%
----------------------------------------------------------------
  15:04:23 BTC/USDT     держим short EMA↓ RSI 53      PnL +0.12%
  15:04:23 ETH/USDT     держим short EMA↓ RSI 58      PnL +0.01%
----------------------------------------------------------------
  15:05:33 BTC/USDT     держим short EMA↓ RSI 53      PnL +0.11%
  15:05:33 ETH/USDT     держим short EMA↓ RSI 57      PnL -0.01%
----------------------------------------------------------------
  15:06:43 BTC/USDT     держим short EMA↓ RSI 50      PnL +0.14%
  15:06:43 ETH/USDT     держим short EMA↓ RSI 53      PnL +0.07%
----------------------------------------------------------------
  15:07:53 BTC/USDT     держим short EMA↓ RSI 53      PnL +0.11%
  15:07:53 ETH/USDT     держим short EMA↓ RSI 60      PnL -0.04%
----------------------------------------------------------------
  15:09:03 BTC/USDT     держим short EMA↓ RSI 58      PnL +0.11%
  15:09:03 ETH/USDT     держим short EMA↓ RSI 64      PnL -0.18%
----------------------------------------------------------------
  15:10:13 BTC/USDT     держим short EMA↓ RSI 55      PnL +0.02%
  15:10:13 ETH/USDT     держим short EMA↓ RSI 62      PnL -0.15%
----------------------------------------------------------------
  15:11:23 BTC/USDT     держим short EMA↓ RSI 56      PnL +0.02%
  15:11:23 ETH/USDT     держим short EMA↓ RSI 62      PnL -0.16%
----------------------------------------------------------------
  15:12:34 BTC/USDT     держим short EMA↓ RSI 55      PnL +0.02%
  15:12:34 ETH/USDT     держим short EMA↓ RSI 61      PnL -0.16%
----------------------------------------------------------------
  15:13:43 BTC/USDT     держим short EMA↓ RSI 51      PnL +0.04%
  15:13:43 ETH/USDT     держим short EMA↓ RSI 58      PnL -0.10%
----------------------------------------------------------------
  15:14:52 BTC/USDT     держим short EMA↓ RSI 53      PnL +0.10%
  15:14:52 ETH/USDT     держим short EMA↓ RSI 59      PnL -0.10%
----------------------------------------------------------------
  15:16:03 BTC/USDT     держим short EMA↓ RSI 51      PnL +0.11%
  15:16:03 ETH/USDT     держим short EMA↓ RSI 58      PnL -0.09%
----------------------------------------------------------------
  15:17:14 BTC/USDT     держим short EMA↓ RSI 53      PnL +0.11%
  15:17:14 ETH/USDT     держим short EMA↓ RSI 60      PnL -0.13%
----------------------------------------------------------------
  15:18:24 BTC/USDT     держим short EMA↓ RSI 56      PnL +0.06%
  15:18:24 ETH/USDT     держим short EMA↓ RSI 61      PnL -0.17%
----------------------------------------------------------------
  15:19:35 BTC/USDT     держим short EMA↓ RSI 57      PnL +0.03%
  15:19:35 ETH/USDT     держим short EMA↓ RSI 60      PnL -0.15%
----------------------------------------------------------------
  15:20:46 BTC/USDT     держим short EMA↓ RSI 57      PnL +0.02%
  15:20:46 ETH/USDT     держим short EMA↓ RSI 61      PnL -0.16%
----------------------------------------------------------------
  15:21:55 BTC/USDT     держим short EMA↓ RSI 58      PnL +0.02%
  15:21:55 ETH/USDT     держим short EMA↓ RSI 62      PnL -0.17%
----------------------------------------------------------------
  15:23:05 BTC/USDT     держим short EMA↓ RSI 57      PnL +0.02%
  15:23:05 ETH/USDT     держим short EMA↓ RSI 61      PnL -0.18%
----------------------------------------------------------------
  15:24:14 BTC/USDT     держим short EMA↓ RSI 54      PnL +0.04%
  15:24:14 ETH/USDT     держим short EMA↓ RSI 59      PnL -0.15%
----------------------------------------------------------------
  15:25:24 BTC/USDT     держим short EMA↓ RSI 54      PnL +0.07%
  15:25:24 ETH/USDT     🟢 ЛОНГ EMA↑ RSI 60      @ 1924.84
----------------------------------------------------------------
  15:26:35 BTC/USDT     держим short EMA↓ RSI 55      PnL +0.04%
  15:26:35 ETH/USDT     держим long  EMA↑ RSI 62      PnL -0.00%
----------------------------------------------------------------
  15:27:46 BTC/USDT     держим short EMA↓ RSI 56      PnL +0.04%
  15:27:46 ETH/USDT     держим long  EMA↑ RSI 61      PnL -0.00%
----------------------------------------------------------------
  15:28:56 BTC/USDT     держим short EMA↓ RSI 54      PnL +0.04%
  15:28:56 ETH/USDT     держим long  EMA↑ RSI 61      PnL -0.03%
----------------------------------------------------------------
  15:30:06 BTC/USDT     держим short EMA↓ RSI 53      PnL +0.04%
  15:30:06 ETH/USDT     держим long  EMA↑ RSI 60      PnL -0.03%
----------------------------------------------------------------
  15:31:15 BTC/USDT     держим short EMA↓ RSI 52      PnL +0.07%
  15:31:15 ETH/USDT     держим long  EMA↑ RSI 60      PnL -0.03%
----------------------------------------------------------------
  15:32:25 BTC/USDT     держим short EMA↓ RSI 49      PnL +0.09%
  15:32:25 ETH/USDT     держим long  EMA↑ RSI 57      PnL -0.03%
----------------------------------------------------------------
  15:33:35 BTC/USDT     держим short EMA↓ RSI 46      PnL +0.14%
  15:33:35 ETH/USDT     держим long  EMA↑ RSI 52      PnL -0.10%
----------------------------------------------------------------
  15:34:45 BTC/USDT     держим short EMA↓ RSI 42      PnL +0.18%
